{"C:\\Users\\Admin\\Documents\\U\\uOctavo semestre\\Vacas\\AyD\\Lab\\Proyecto 1\\AYD1_P1_G8\\Backend\\src\\index.ts": {"path":"C:\\Users\\Admin\\Documents\\U\\uOctavo semestre\\Vacas\\AyD\\Lab\\Proyecto 1\\AYD1_P1_G8\\Backend\\src\\index.ts","statementMap":{"0":{"start":{"line":1,"column":0},"end":{"line":1,"column":46}},"1":{"start":{"line":2,"column":0},"end":{"line":2,"column":28}},"2":{"start":{"line":3,"column":0},"end":{"line":3,"column":24}},"3":{"start":{"line":6,"column":0},"end":{"line":6,"column":47}},"4":{"start":{"line":7,"column":0},"end":{"line":7,"column":45}},"5":{"start":{"line":15,"column":7},"end":{"line":15,"column":28}},"6":{"start":{"line":16,"column":7},"end":{"line":16,"column":21}},"7":{"start":{"line":17,"column":7},"end":{"line":17,"column":21}},"8":{"start":{"line":21,"column":8},"end":{"line":21,"column":null}},"9":{"start":{"line":22,"column":8},"end":{"line":22,"column":null}},"10":{"start":{"line":23,"column":8},"end":{"line":23,"column":29}},"11":{"start":{"line":24,"column":8},"end":{"line":24,"column":37}},"12":{"start":{"line":25,"column":8},"end":{"line":25,"column":60}},"13":{"start":{"line":29,"column":8},"end":{"line":29,"column":39}},"14":{"start":{"line":30,"column":8},"end":{"line":30,"column":42}},"15":{"start":{"line":35,"column":8},"end":{"line":37,"column":11}},"16":{"start":{"line":36,"column":12},"end":{"line":36,"column":null}},"17":{"start":{"line":42,"column":15},"end":{"line":42,"column":27}},"18":{"start":{"line":43,"column":0},"end":{"line":43,"column":26}},"19":{"start":{"line":44,"column":0},"end":{"line":44,"column":null}}},"fnMap":{"0":{"name":"(anonymous_1)","decl":{"start":{"line":14,"column":4},"end":{"line":14,"column":null}},"loc":{"start":{"line":14,"column":4},"end":{"line":18,"column":5}}},"1":{"name":"(anonymous_2)","decl":{"start":{"line":20,"column":4},"end":{"line":20,"column":10}},"loc":{"start":{"line":20,"column":10},"end":{"line":26,"column":5}}},"2":{"name":"(anonymous_3)","decl":{"start":{"line":28,"column":4},"end":{"line":28,"column":10}},"loc":{"start":{"line":28,"column":10},"end":{"line":31,"column":5}}},"3":{"name":"(anonymous_4)","decl":{"start":{"line":34,"column":4},"end":{"line":34,"column":9}},"loc":{"start":{"line":34,"column":9},"end":{"line":38,"column":5}}},"4":{"name":"(anonymous_5)","decl":{"start":{"line":35,"column":46},"end":{"line":35,"column":49}},"loc":{"start":{"line":35,"column":51},"end":{"line":37,"column":9}}}},"branchMap":{"0":{"loc":{"start":{"line":21,"column":29},"end":{"line":21,"column":52}},"type":"binary-expr","locations":[{"start":{"line":21,"column":29},"end":{"line":21,"column":45}},{"start":{"line":21,"column":48},"end":{"line":21,"column":52}}]}},"s":{"0":1,"1":1,"2":1,"3":1,"4":1,"5":1,"6":1,"7":1,"8":1,"9":1,"10":1,"11":1,"12":1,"13":1,"14":1,"15":1,"16":1,"17":1,"18":1,"19":1},"f":{"0":1,"1":1,"2":1,"3":1,"4":1},"b":{"0":[1,1]}}
,"C:\\Users\\Admin\\Documents\\U\\uOctavo semestre\\Vacas\\AyD\\Lab\\Proyecto 1\\AYD1_P1_G8\\Backend\\src\\controllers\\indexController.ts": {"path":"C:\\Users\\Admin\\Documents\\U\\uOctavo semestre\\Vacas\\AyD\\Lab\\Proyecto 1\\AYD1_P1_G8\\Backend\\src\\controllers\\indexController.ts","statementMap":{"0":{"start":{"line":7,"column":8},"end":{"line":7,"column":null}},"1":{"start":{"line":11,"column":13},"end":{"line":11,"column":53}}},"fnMap":{"0":{"name":"(anonymous_0)","decl":{"start":{"line":6,"column":4},"end":{"line":6,"column":9}},"loc":{"start":{"line":6,"column":38},"end":{"line":8,"column":5}}}},"branchMap":{},"s":{"0":0,"1":1},"f":{"0":0},"b":{}}
,"C:\\Users\\Admin\\Documents\\U\\uOctavo semestre\\Vacas\\AyD\\Lab\\Proyecto 1\\AYD1_P1_G8\\Backend\\src\\controllers\\pingController.ts": {"path":"C:\\Users\\Admin\\Documents\\U\\uOctavo semestre\\Vacas\\AyD\\Lab\\Proyecto 1\\AYD1_P1_G8\\Backend\\src\\controllers\\pingController.ts","statementMap":{"0":{"start":{"line":7,"column":8},"end":{"line":7,"column":null}},"1":{"start":{"line":11,"column":13},"end":{"line":11,"column":51}}},"fnMap":{"0":{"name":"(anonymous_0)","decl":{"start":{"line":6,"column":4},"end":{"line":6,"column":8}},"loc":{"start":{"line":6,"column":37},"end":{"line":8,"column":5}}}},"branchMap":{},"s":{"0":1,"1":1},"f":{"0":1},"b":{}}
,"C:\\Users\\Admin\\Documents\\U\\uOctavo semestre\\Vacas\\AyD\\Lab\\Proyecto 1\\AYD1_P1_G8\\Backend\\src\\routes\\indexRoutes.ts": {"path":"C:\\Users\\Admin\\Documents\\U\\uOctavo semestre\\Vacas\\AyD\\Lab\\Proyecto 1\\AYD1_P1_G8\\Backend\\src\\routes\\indexRoutes.ts","statementMap":{"0":{"start":{"line":1,"column":0},"end":{"line":1,"column":31}},"1":{"start":{"line":3,"column":0},"end":{"line":3,"column":63}},"2":{"start":{"line":6,"column":11},"end":{"line":6,"column":37}},"3":{"start":{"line":9,"column":8},"end":{"line":9,"column":22}},"4":{"start":{"line":13,"column":8},"end":{"line":13,"column":null}},"5":{"start":{"line":18,"column":20},"end":{"line":18,"column":37}},"6":{"start":{"line":19,"column":0},"end":{"line":19,"column":34}}},"fnMap":{"0":{"name":"(anonymous_0)","decl":{"start":{"line":8,"column":4},"end":{"line":8,"column":null}},"loc":{"start":{"line":8,"column":4},"end":{"line":10,"column":5}}},"1":{"name":"(anonymous_1)","decl":{"start":{"line":12,"column":4},"end":{"line":12,"column":10}},"loc":{"start":{"line":12,"column":10},"end":{"line":14,"column":5}}}},"branchMap":{},"s":{"0":1,"1":1,"2":1,"3":1,"4":1,"5":1,"6":1},"f":{"0":1,"1":1},"b":{}}
,"C:\\Users\\Admin\\Documents\\U\\uOctavo semestre\\Vacas\\AyD\\Lab\\Proyecto 1\\AYD1_P1_G8\\Backend\\src\\routes\\pingRoutes.ts": {"path":"C:\\Users\\Admin\\Documents\\U\\uOctavo semestre\\Vacas\\AyD\\Lab\\Proyecto 1\\AYD1_P1_G8\\Backend\\src\\routes\\pingRoutes.ts","statementMap":{"0":{"start":{"line":1,"column":0},"end":{"line":1,"column":31}},"1":{"start":{"line":3,"column":0},"end":{"line":3,"column":61}},"2":{"start":{"line":6,"column":11},"end":{"line":6,"column":37}},"3":{"start":{"line":9,"column":8},"end":{"line":9,"column":22}},"4":{"start":{"line":13,"column":8},"end":{"line":13,"column":null}},"5":{"start":{"line":18,"column":19},"end":{"line":18,"column":35}},"6":{"start":{"line":19,"column":0},"end":{"line":19,"column":33}}},"fnMap":{"0":{"name":"(anonymous_0)","decl":{"start":{"line":8,"column":4},"end":{"line":8,"column":null}},"loc":{"start":{"line":8,"column":4},"end":{"line":10,"column":5}}},"1":{"name":"(anonymous_1)","decl":{"start":{"line":12,"column":4},"end":{"line":12,"column":10}},"loc":{"start":{"line":12,"column":10},"end":{"line":14,"column":5}}}},"branchMap":{},"s":{"0":1,"1":1,"2":1,"3":1,"4":1,"5":1,"6":1},"f":{"0":1,"1":1},"b":{}}
}
