{"C:\\Users\\Admin\\Documents\\U\\uOctavo semestre\\Vacas\\AyD\\Lab\\Proyecto 1\\AYD1_P1_G8\\Backend\\src\\database.ts": {"path":"C:\\Users\\Admin\\Documents\\U\\uOctavo semestre\\Vacas\\AyD\\Lab\\Proyecto 1\\AYD1_P1_G8\\Backend\\src\\database.ts","statementMap":{"0":{"start":{"line":1,"column":0},"end":{"line":1,"column":46}},"1":{"start":{"line":2,"column":0},"end":{"line":2,"column":26}},"2":{"start":{"line":5,"column":13},"end":{"line":5,"column":44}},"3":{"start":{"line":8,"column":0},"end":{"line":14,"column":3}},"4":{"start":{"line":9,"column":2},"end":{"line":12,"column":3}},"5":{"start":{"line":10,"column":4},"end":{"line":10,"column":72}},"6":{"start":{"line":11,"column":4},"end":{"line":11,"column":11}},"7":{"start":{"line":13,"column":2},"end":{"line":13,"column":50}},"8":{"start":{"line":16,"column":0},"end":{"line":16,"column":20}}},"fnMap":{"0":{"name":"(anonymous_1)","decl":{"start":{"line":8,"column":19},"end":{"line":8,"column":20}},"loc":{"start":{"line":8,"column":85},"end":{"line":14,"column":1}}}},"branchMap":{"0":{"loc":{"start":{"line":9,"column":2},"end":{"line":12,"column":3}},"type":"if","locations":[{"start":{"line":9,"column":2},"end":{"line":12,"column":3}}]}},"s":{"0":1,"1":1,"2":1,"3":1,"4":1,"5":0,"6":0,"7":1,"8":1},"f":{"0":1},"b":{"0":[0]}}
,"C:\\Users\\Admin\\Documents\\U\\uOctavo semestre\\Vacas\\AyD\\Lab\\Proyecto 1\\AYD1_P1_G8\\Backend\\src\\index.ts": {"path":"C:\\Users\\Admin\\Documents\\U\\uOctavo semestre\\Vacas\\AyD\\Lab\\Proyecto 1\\AYD1_P1_G8\\Backend\\src\\index.ts","statementMap":{"0":{"start":{"line":1,"column":0},"end":{"line":1,"column":46}},"1":{"start":{"line":2,"column":0},"end":{"line":2,"column":28}},"2":{"start":{"line":3,"column":0},"end":{"line":3,"column":24}},"3":{"start":{"line":6,"column":0},"end":{"line":6,"column":47}},"4":{"start":{"line":7,"column":0},"end":{"line":7,"column":45}},"5":{"start":{"line":9,"column":0},"end":{"line":9,"column":53}},"6":{"start":{"line":10,"column":0},"end":{"line":10,"column":47}},"7":{"start":{"line":18,"column":7},"end":{"line":18,"column":28}},"8":{"start":{"line":19,"column":7},"end":{"line":19,"column":21}},"9":{"start":{"line":20,"column":7},"end":{"line":20,"column":21}},"10":{"start":{"line":24,"column":8},"end":{"line":24,"column":null}},"11":{"start":{"line":25,"column":8},"end":{"line":25,"column":null}},"12":{"start":{"line":26,"column":8},"end":{"line":26,"column":29}},"13":{"start":{"line":27,"column":8},"end":{"line":27,"column":37}},"14":{"start":{"line":28,"column":8},"end":{"line":28,"column":60}},"15":{"start":{"line":32,"column":8},"end":{"line":32,"column":39}},"16":{"start":{"line":33,"column":8},"end":{"line":33,"column":42}},"17":{"start":{"line":34,"column":8},"end":{"line":34,"column":49}},"18":{"start":{"line":35,"column":8},"end":{"line":35,"column":44}},"19":{"start":{"line":40,"column":8},"end":{"line":42,"column":11}},"20":{"start":{"line":41,"column":12},"end":{"line":41,"column":null}},"21":{"start":{"line":47,"column":15},"end":{"line":47,"column":27}},"22":{"start":{"line":48,"column":0},"end":{"line":48,"column":26}},"23":{"start":{"line":49,"column":0},"end":{"line":49,"column":null}}},"fnMap":{"0":{"name":"(anonymous_1)","decl":{"start":{"line":17,"column":4},"end":{"line":17,"column":null}},"loc":{"start":{"line":17,"column":4},"end":{"line":21,"column":5}}},"1":{"name":"(anonymous_2)","decl":{"start":{"line":23,"column":4},"end":{"line":23,"column":10}},"loc":{"start":{"line":23,"column":10},"end":{"line":29,"column":5}}},"2":{"name":"(anonymous_3)","decl":{"start":{"line":31,"column":4},"end":{"line":31,"column":10}},"loc":{"start":{"line":31,"column":10},"end":{"line":36,"column":5}}},"3":{"name":"(anonymous_4)","decl":{"start":{"line":39,"column":4},"end":{"line":39,"column":9}},"loc":{"start":{"line":39,"column":9},"end":{"line":43,"column":5}}},"4":{"name":"(anonymous_5)","decl":{"start":{"line":40,"column":46},"end":{"line":40,"column":49}},"loc":{"start":{"line":40,"column":51},"end":{"line":42,"column":9}}}},"branchMap":{"0":{"loc":{"start":{"line":24,"column":29},"end":{"line":24,"column":52}},"type":"binary-expr","locations":[{"start":{"line":24,"column":29},"end":{"line":24,"column":45}},{"start":{"line":24,"column":48},"end":{"line":24,"column":52}}]}},"s":{"0":1,"1":1,"2":1,"3":1,"4":1,"5":1,"6":1,"7":1,"8":1,"9":1,"10":1,"11":1,"12":1,"13":1,"14":1,"15":1,"16":1,"17":1,"18":1,"19":1,"20":1,"21":1,"22":1,"23":1},"f":{"0":1,"1":1,"2":1,"3":1,"4":1},"b":{"0":[1,1]}}
,"C:\\Users\\Admin\\Documents\\U\\uOctavo semestre\\Vacas\\AyD\\Lab\\Proyecto 1\\AYD1_P1_G8\\Backend\\src\\keys.ts": {"path":"C:\\Users\\Admin\\Documents\\U\\uOctavo semestre\\Vacas\\AyD\\Lab\\Proyecto 1\\AYD1_P1_G8\\Backend\\src\\keys.ts","statementMap":{"0":{"start":{"line":1,"column":0},"end":{"line":8,"column":null}}},"fnMap":{},"branchMap":{},"s":{"0":1},"f":{},"b":{}}
,"C:\\Users\\Admin\\Documents\\U\\uOctavo semestre\\Vacas\\AyD\\Lab\\Proyecto 1\\AYD1_P1_G8\\Backend\\src\\utilidades.ts": {"path":"C:\\Users\\Admin\\Documents\\U\\uOctavo semestre\\Vacas\\AyD\\Lab\\Proyecto 1\\AYD1_P1_G8\\Backend\\src\\utilidades.ts","statementMap":{"0":{"start":{"line":2,"column":4},"end":{"line":2,"column":37}},"1":{"start":{"line":1,"column":0},"end":{"line":1,"column":16}}},"fnMap":{"0":{"name":"corregirFormato","decl":{"start":{"line":1,"column":16},"end":{"line":1,"column":31}},"loc":{"start":{"line":1,"column":45},"end":{"line":3,"column":1}}}},"branchMap":{},"s":{"0":22,"1":1},"f":{"0":22},"b":{}}
,"C:\\Users\\Admin\\Documents\\U\\uOctavo semestre\\Vacas\\AyD\\Lab\\Proyecto 1\\AYD1_P1_G8\\Backend\\src\\controllers\\indexController.ts": {"path":"C:\\Users\\Admin\\Documents\\U\\uOctavo semestre\\Vacas\\AyD\\Lab\\Proyecto 1\\AYD1_P1_G8\\Backend\\src\\controllers\\indexController.ts","statementMap":{"0":{"start":{"line":7,"column":8},"end":{"line":7,"column":null}},"1":{"start":{"line":11,"column":13},"end":{"line":11,"column":53}}},"fnMap":{"0":{"name":"(anonymous_0)","decl":{"start":{"line":6,"column":4},"end":{"line":6,"column":9}},"loc":{"start":{"line":6,"column":38},"end":{"line":8,"column":5}}}},"branchMap":{},"s":{"0":0,"1":1},"f":{"0":0},"b":{}}
,"C:\\Users\\Admin\\Documents\\U\\uOctavo semestre\\Vacas\\AyD\\Lab\\Proyecto 1\\AYD1_P1_G8\\Backend\\src\\controllers\\libroController.ts": {"path":"C:\\Users\\Admin\\Documents\\U\\uOctavo semestre\\Vacas\\AyD\\Lab\\Proyecto 1\\AYD1_P1_G8\\Backend\\src\\controllers\\libroController.ts","statementMap":{"0":{"start":{"line":2,"column":0},"end":{"line":2,"column":31}},"1":{"start":{"line":3,"column":0},"end":{"line":3,"column":48}},"2":{"start":{"line":9,"column":8},"end":{"line":23,"column":9}},"3":{"start":{"line":11,"column":12},"end":{"line":19,"column":15}},"4":{"start":{"line":13,"column":16},"end":{"line":18,"column":17}},"5":{"start":{"line":14,"column":20},"end":{"line":14,"column":38}},"6":{"start":{"line":17,"column":20},"end":{"line":17,"column":68}},"7":{"start":{"line":22,"column":12},"end":{"line":22,"column":73}},"8":{"start":{"line":28,"column":8},"end":{"line":43,"column":9}},"9":{"start":{"line":29,"column":27},"end":{"line":29,"column":61}},"10":{"start":{"line":31,"column":12},"end":{"line":39,"column":15}},"11":{"start":{"line":33,"column":16},"end":{"line":38,"column":17}},"12":{"start":{"line":34,"column":20},"end":{"line":34,"column":41}},"13":{"start":{"line":36,"column":20},"end":{"line":36,"column":68}},"14":{"start":{"line":42,"column":12},"end":{"line":42,"column":75}},"15":{"start":{"line":48,"column":8},"end":{"line":60,"column":9}},"16":{"start":{"line":49,"column":27},"end":{"line":49,"column":60}},"17":{"start":{"line":50,"column":12},"end":{"line":56,"column":15}},"18":{"start":{"line":52,"column":16},"end":{"line":55,"column":17}},"19":{"start":{"line":53,"column":20},"end":{"line":53,"column":70}},"20":{"start":{"line":54,"column":20},"end":{"line":54,"column":61}},"21":{"start":{"line":59,"column":12},"end":{"line":59,"column":94}},"22":{"start":{"line":65,"column":8},"end":{"line":78,"column":9}},"23":{"start":{"line":66,"column":27},"end":{"line":66,"column":60}},"24":{"start":{"line":67,"column":28},"end":{"line":67,"column":62}},"25":{"start":{"line":68,"column":12},"end":{"line":74,"column":15}},"26":{"start":{"line":70,"column":16},"end":{"line":73,"column":17}},"27":{"start":{"line":71,"column":20},"end":{"line":71,"column":87}},"28":{"start":{"line":72,"column":20},"end":{"line":72,"column":61}},"29":{"start":{"line":77,"column":12},"end":{"line":77,"column":94}},"30":{"start":{"line":83,"column":8},"end":{"line":97,"column":9}},"31":{"start":{"line":84,"column":27},"end":{"line":84,"column":60}},"32":{"start":{"line":85,"column":28},"end":{"line":85,"column":62}},"33":{"start":{"line":86,"column":37},"end":{"line":86,"column":52}},"34":{"start":{"line":87,"column":12},"end":{"line":93,"column":15}},"35":{"start":{"line":89,"column":16},"end":{"line":92,"column":17}},"36":{"start":{"line":90,"column":20},"end":{"line":90,"column":102}},"37":{"start":{"line":91,"column":20},"end":{"line":91,"column":73}},"38":{"start":{"line":96,"column":12},"end":{"line":96,"column":96}},"39":{"start":{"line":102,"column":8},"end":{"line":129,"column":9}},"40":{"start":{"line":103,"column":27},"end":{"line":103,"column":60}},"41":{"start":{"line":104,"column":28},"end":{"line":104,"column":62}},"42":{"start":{"line":105,"column":41},"end":{"line":105,"column":66}},"43":{"start":{"line":108,"column":12},"end":{"line":118,"column":15}},"44":{"start":{"line":111,"column":16},"end":{"line":117,"column":17}},"45":{"start":{"line":112,"column":20},"end":{"line":112,"column":54}},"46":{"start":{"line":113,"column":20},"end":{"line":113,"column":50}},"47":{"start":{"line":115,"column":20},"end":{"line":115,"column":87}},"48":{"start":{"line":116,"column":20},"end":{"line":116,"column":27}},"49":{"start":{"line":120,"column":12},"end":{"line":120,"column":135}},"50":{"start":{"line":122,"column":12},"end":{"line":122,"column":94}},"51":{"start":{"line":124,"column":12},"end":{"line":124,"column":126}},"52":{"start":{"line":125,"column":12},"end":{"line":125,"column":51}},"53":{"start":{"line":128,"column":12},"end":{"line":128,"column":74}},"54":{"start":{"line":134,"column":8},"end":{"line":158,"column":9}},"55":{"start":{"line":135,"column":27},"end":{"line":135,"column":60}},"56":{"start":{"line":136,"column":28},"end":{"line":136,"column":62}},"57":{"start":{"line":139,"column":12},"end":{"line":149,"column":15}},"58":{"start":{"line":142,"column":16},"end":{"line":148,"column":17}},"59":{"start":{"line":143,"column":20},"end":{"line":143,"column":54}},"60":{"start":{"line":144,"column":20},"end":{"line":144,"column":50}},"61":{"start":{"line":146,"column":20},"end":{"line":146,"column":87}},"62":{"start":{"line":147,"column":20},"end":{"line":147,"column":27}},"63":{"start":{"line":151,"column":12},"end":{"line":151,"column":94}},"64":{"start":{"line":153,"column":12},"end":{"line":153,"column":127}},"65":{"start":{"line":154,"column":12},"end":{"line":154,"column":52}},"66":{"start":{"line":157,"column":12},"end":{"line":157,"column":75}},"67":{"start":{"line":163,"column":8},"end":{"line":187,"column":9}},"68":{"start":{"line":164,"column":27},"end":{"line":164,"column":60}},"69":{"start":{"line":165,"column":28},"end":{"line":165,"column":62}},"70":{"start":{"line":168,"column":12},"end":{"line":178,"column":15}},"71":{"start":{"line":171,"column":16},"end":{"line":177,"column":17}},"72":{"start":{"line":172,"column":20},"end":{"line":172,"column":54}},"73":{"start":{"line":173,"column":20},"end":{"line":173,"column":50}},"74":{"start":{"line":175,"column":20},"end":{"line":175,"column":87}},"75":{"start":{"line":176,"column":20},"end":{"line":176,"column":27}},"76":{"start":{"line":180,"column":12},"end":{"line":180,"column":92}},"77":{"start":{"line":182,"column":12},"end":{"line":182,"column":127}},"78":{"start":{"line":183,"column":12},"end":{"line":183,"column":52}},"79":{"start":{"line":186,"column":12},"end":{"line":186,"column":76}},"80":{"start":{"line":192,"column":8},"end":{"line":211,"column":9}},"81":{"start":{"line":193,"column":28},"end":{"line":193,"column":62}},"82":{"start":{"line":195,"column":12},"end":{"line":207,"column":14}},"83":{"start":{"line":199,"column":20},"end":{"line":205,"column":21}},"84":{"start":{"line":200,"column":24},"end":{"line":200,"column":42}},"85":{"start":{"line":203,"column":24},"end":{"line":203,"column":91}},"86":{"start":{"line":210,"column":12},"end":{"line":210,"column":92}},"87":{"start":{"line":216,"column":8},"end":{"line":244,"column":9}},"88":{"start":{"line":217,"column":26},"end":{"line":217,"column":59}},"89":{"start":{"line":218,"column":27},"end":{"line":218,"column":61}},"90":{"start":{"line":219,"column":35},"end":{"line":219,"column":43}},"91":{"start":{"line":221,"column":12},"end":{"line":240,"column":15}},"92":{"start":{"line":224,"column":16},"end":{"line":239,"column":17}},"93":{"start":{"line":225,"column":38},"end":{"line":225,"column":59}},"94":{"start":{"line":226,"column":36},"end":{"line":226,"column":55}},"95":{"start":{"line":228,"column":20},"end":{"line":236,"column":27}},"96":{"start":{"line":230,"column":28},"end":{"line":235,"column":29}},"97":{"start":{"line":231,"column":32},"end":{"line":231,"column":92}},"98":{"start":{"line":232,"column":32},"end":{"line":232,"column":98}},"99":{"start":{"line":234,"column":32},"end":{"line":234,"column":77}},"100":{"start":{"line":238,"column":20},"end":{"line":238,"column":87}},"101":{"start":{"line":243,"column":12},"end":{"line":243,"column":78}},"102":{"start":{"line":249,"column":8},"end":{"line":278,"column":9}},"103":{"start":{"line":250,"column":26},"end":{"line":250,"column":59}},"104":{"start":{"line":251,"column":27},"end":{"line":251,"column":61}},"105":{"start":{"line":252,"column":35},"end":{"line":252,"column":43}},"106":{"start":{"line":254,"column":12},"end":{"line":274,"column":14}},"107":{"start":{"line":267,"column":20},"end":{"line":272,"column":21}},"108":{"start":{"line":269,"column":24},"end":{"line":269,"column":93}},"109":{"start":{"line":271,"column":24},"end":{"line":271,"column":95}},"110":{"start":{"line":277,"column":12},"end":{"line":277,"column":89}},"111":{"start":{"line":285,"column":13},"end":{"line":285,"column":53}}},"fnMap":{"0":{"name":"(anonymous_8)","decl":{"start":{"line":8,"column":17},"end":{"line":8,"column":28}},"loc":{"start":{"line":8,"column":56},"end":{"line":24,"column":null}}},"1":{"name":"(anonymous_10)","decl":{"start":{"line":11,"column":71},"end":{"line":11,"column":72}},"loc":{"start":{"line":11,"column":90},"end":{"line":19,"column":13}}},"2":{"name":"(anonymous_11)","decl":{"start":{"line":27,"column":18},"end":{"line":27,"column":23}},"loc":{"start":{"line":27,"column":51},"end":{"line":44,"column":null}}},"3":{"name":"(anonymous_13)","decl":{"start":{"line":31,"column":72},"end":{"line":31,"column":73}},"loc":{"start":{"line":31,"column":91},"end":{"line":39,"column":13}}},"4":{"name":"(anonymous_14)","decl":{"start":{"line":47,"column":17},"end":{"line":47,"column":30}},"loc":{"start":{"line":47,"column":58},"end":{"line":61,"column":null}}},"5":{"name":"(anonymous_16)","decl":{"start":{"line":50,"column":95},"end":{"line":50,"column":96}},"loc":{"start":{"line":50,"column":114},"end":{"line":56,"column":13}}},"6":{"name":"(anonymous_17)","decl":{"start":{"line":64,"column":17},"end":{"line":64,"column":30}},"loc":{"start":{"line":64,"column":58},"end":{"line":79,"column":null}}},"7":{"name":"(anonymous_19)","decl":{"start":{"line":68,"column":95},"end":{"line":68,"column":96}},"loc":{"start":{"line":68,"column":114},"end":{"line":74,"column":13}}},"8":{"name":"(anonymous_20)","decl":{"start":{"line":82,"column":17},"end":{"line":82,"column":28}},"loc":{"start":{"line":82,"column":56},"end":{"line":98,"column":null}}},"9":{"name":"(anonymous_22)","decl":{"start":{"line":87,"column":95},"end":{"line":87,"column":96}},"loc":{"start":{"line":87,"column":114},"end":{"line":93,"column":13}}},"10":{"name":"(anonymous_23)","decl":{"start":{"line":101,"column":17},"end":{"line":101,"column":27}},"loc":{"start":{"line":101,"column":55},"end":{"line":130,"column":null}}},"11":{"name":"(anonymous_25)","decl":{"start":{"line":109,"column":29},"end":{"line":109,"column":30}},"loc":{"start":{"line":109,"column":48},"end":{"line":118,"column":13}}},"12":{"name":"(anonymous_26)","decl":{"start":{"line":133,"column":17},"end":{"line":133,"column":29}},"loc":{"start":{"line":133,"column":57},"end":{"line":159,"column":null}}},"13":{"name":"(anonymous_28)","decl":{"start":{"line":140,"column":29},"end":{"line":140,"column":30}},"loc":{"start":{"line":140,"column":48},"end":{"line":149,"column":13}}},"14":{"name":"(anonymous_29)","decl":{"start":{"line":162,"column":18},"end":{"line":162,"column":31}},"loc":{"start":{"line":162,"column":59},"end":{"line":188,"column":null}}},"15":{"name":"(anonymous_31)","decl":{"start":{"line":169,"column":29},"end":{"line":169,"column":30}},"loc":{"start":{"line":169,"column":48},"end":{"line":178,"column":13}}},"16":{"name":"(anonymous_32)","decl":{"start":{"line":191,"column":17},"end":{"line":191,"column":33}},"loc":{"start":{"line":191,"column":61},"end":{"line":212,"column":null}}},"17":{"name":"(anonymous_34)","decl":{"start":{"line":197,"column":25},"end":{"line":197,"column":26}},"loc":{"start":{"line":197,"column":44},"end":{"line":206,"column":17}}},"18":{"name":"(anonymous_35)","decl":{"start":{"line":215,"column":17},"end":{"line":215,"column":35}},"loc":{"start":{"line":215,"column":63},"end":{"line":245,"column":null}}},"19":{"name":"(anonymous_37)","decl":{"start":{"line":222,"column":29},"end":{"line":222,"column":30}},"loc":{"start":{"line":222,"column":48},"end":{"line":240,"column":13}}},"20":{"name":"(anonymous_38)","decl":{"start":{"line":229,"column":58},"end":{"line":229,"column":59}},"loc":{"start":{"line":229,"column":74},"end":{"line":236,"column":25}}},"21":{"name":"(anonymous_39)","decl":{"start":{"line":248,"column":12},"end":{"line":248,"column":30}},"loc":{"start":{"line":248,"column":58},"end":{"line":279,"column":5}}},"22":{"name":"(anonymous_40)","decl":{"start":{"line":266,"column":16},"end":{"line":266,"column":17}},"loc":{"start":{"line":266,"column":26},"end":{"line":273,"column":17}}}},"branchMap":{"0":{"loc":{"start":{"line":13,"column":16},"end":{"line":18,"column":17}},"type":"if","locations":[{"start":{"line":13,"column":16},"end":{"line":18,"column":17}},{"start":{"line":16,"column":23},"end":{"line":18,"column":17}}]},"1":{"loc":{"start":{"line":13,"column":20},"end":{"line":13,"column":49}},"type":"binary-expr","locations":[{"start":{"line":13,"column":20},"end":{"line":13,"column":27}},{"start":{"line":13,"column":31},"end":{"line":13,"column":49}}]},"2":{"loc":{"start":{"line":33,"column":16},"end":{"line":38,"column":17}},"type":"if","locations":[{"start":{"line":33,"column":16},"end":{"line":38,"column":17}},{"start":{"line":35,"column":23},"end":{"line":38,"column":17}}]},"3":{"loc":{"start":{"line":33,"column":20},"end":{"line":33,"column":49}},"type":"binary-expr","locations":[{"start":{"line":33,"column":20},"end":{"line":33,"column":27}},{"start":{"line":33,"column":31},"end":{"line":33,"column":49}}]},"4":{"loc":{"start":{"line":52,"column":16},"end":{"line":55,"column":17}},"type":"if","locations":[{"start":{"line":52,"column":16},"end":{"line":55,"column":17}}]},"5":{"loc":{"start":{"line":70,"column":16},"end":{"line":73,"column":17}},"type":"if","locations":[{"start":{"line":70,"column":16},"end":{"line":73,"column":17}}]},"6":{"loc":{"start":{"line":89,"column":16},"end":{"line":92,"column":17}},"type":"if","locations":[{"start":{"line":89,"column":16},"end":{"line":92,"column":17}}]},"7":{"loc":{"start":{"line":111,"column":16},"end":{"line":117,"column":17}},"type":"if","locations":[{"start":{"line":111,"column":16},"end":{"line":117,"column":17}},{"start":{"line":114,"column":22},"end":{"line":117,"column":17}}]},"8":{"loc":{"start":{"line":142,"column":16},"end":{"line":148,"column":17}},"type":"if","locations":[{"start":{"line":142,"column":16},"end":{"line":148,"column":17}},{"start":{"line":145,"column":22},"end":{"line":148,"column":17}}]},"9":{"loc":{"start":{"line":171,"column":16},"end":{"line":177,"column":17}},"type":"if","locations":[{"start":{"line":171,"column":16},"end":{"line":177,"column":17}},{"start":{"line":174,"column":22},"end":{"line":177,"column":17}}]},"10":{"loc":{"start":{"line":199,"column":20},"end":{"line":205,"column":21}},"type":"if","locations":[{"start":{"line":199,"column":20},"end":{"line":205,"column":21}},{"start":{"line":202,"column":27},"end":{"line":205,"column":21}}]},"11":{"loc":{"start":{"line":199,"column":24},"end":{"line":199,"column":53}},"type":"binary-expr","locations":[{"start":{"line":199,"column":24},"end":{"line":199,"column":31}},{"start":{"line":199,"column":35},"end":{"line":199,"column":53}}]},"12":{"loc":{"start":{"line":224,"column":16},"end":{"line":239,"column":17}},"type":"if","locations":[{"start":{"line":224,"column":16},"end":{"line":239,"column":17}},{"start":{"line":237,"column":23},"end":{"line":239,"column":17}}]},"13":{"loc":{"start":{"line":230,"column":28},"end":{"line":235,"column":29}},"type":"if","locations":[{"start":{"line":230,"column":28},"end":{"line":235,"column":29}},{"start":{"line":233,"column":35},"end":{"line":235,"column":29}}]},"14":{"loc":{"start":{"line":267,"column":20},"end":{"line":272,"column":21}},"type":"if","locations":[{"start":{"line":267,"column":20},"end":{"line":272,"column":21}},{"start":{"line":270,"column":27},"end":{"line":272,"column":21}}]}},"s":{"0":1,"1":1,"2":1,"3":1,"4":1,"5":1,"6":0,"7":0,"8":1,"9":1,"10":1,"11":1,"12":1,"13":0,"14":0,"15":1,"16":1,"17":1,"18":1,"19":1,"20":1,"21":0,"22":1,"23":1,"24":1,"25":1,"26":1,"27":1,"28":1,"29":0,"30":1,"31":1,"32":1,"33":1,"34":1,"35":1,"36":1,"37":1,"38":0,"39":1,"40":1,"41":1,"42":1,"43":1,"44":1,"45":1,"46":1,"47":0,"48":0,"49":1,"50":1,"51":1,"52":1,"53":0,"54":1,"55":1,"56":1,"57":1,"58":1,"59":1,"60":1,"61":0,"62":0,"63":1,"64":1,"65":1,"66":0,"67":1,"68":1,"69":1,"70":1,"71":1,"72":1,"73":1,"74":0,"75":0,"76":1,"77":1,"78":1,"79":0,"80":1,"81":1,"82":1,"83":1,"84":1,"85":0,"86":0,"87":1,"88":1,"89":1,"90":1,"91":1,"92":1,"93":1,"94":1,"95":1,"96":1,"97":0,"98":0,"99":1,"100":0,"101":0,"102":1,"103":1,"104":1,"105":1,"106":1,"107":1,"108":0,"109":1,"110":0,"111":1},"f":{"0":1,"1":1,"2":1,"3":1,"4":1,"5":1,"6":1,"7":1,"8":1,"9":1,"10":1,"11":1,"12":1,"13":1,"14":1,"15":1,"16":1,"17":1,"18":1,"19":1,"20":1,"21":1,"22":1},"b":{"0":[1,0],"1":[1,1],"2":[1,0],"3":[1,1],"4":[1],"5":[1],"6":[1],"7":[1,0],"8":[1,0],"9":[1,0],"10":[1,0],"11":[1,1],"12":[1,0],"13":[0,1],"14":[0,1]}}
,"C:\\Users\\Admin\\Documents\\U\\uOctavo semestre\\Vacas\\AyD\\Lab\\Proyecto 1\\AYD1_P1_G8\\Backend\\src\\controllers\\pingController.ts": {"path":"C:\\Users\\Admin\\Documents\\U\\uOctavo semestre\\Vacas\\AyD\\Lab\\Proyecto 1\\AYD1_P1_G8\\Backend\\src\\controllers\\pingController.ts","statementMap":{"0":{"start":{"line":7,"column":8},"end":{"line":7,"column":null}},"1":{"start":{"line":11,"column":13},"end":{"line":11,"column":51}}},"fnMap":{"0":{"name":"(anonymous_0)","decl":{"start":{"line":6,"column":4},"end":{"line":6,"column":8}},"loc":{"start":{"line":6,"column":37},"end":{"line":8,"column":5}}}},"branchMap":{},"s":{"0":0,"1":1},"f":{"0":0},"b":{}}
,"C:\\Users\\Admin\\Documents\\U\\uOctavo semestre\\Vacas\\AyD\\Lab\\Proyecto 1\\AYD1_P1_G8\\Backend\\src\\controllers\\usuariosController.ts": {"path":"C:\\Users\\Admin\\Documents\\U\\uOctavo semestre\\Vacas\\AyD\\Lab\\Proyecto 1\\AYD1_P1_G8\\Backend\\src\\controllers\\usuariosController.ts","statementMap":{"0":{"start":{"line":2,"column":0},"end":{"line":2,"column":31}},"1":{"start":{"line":3,"column":0},"end":{"line":3,"column":48}},"2":{"start":{"line":8,"column":8},"end":{"line":22,"column":9}},"3":{"start":{"line":10,"column":12},"end":{"line":18,"column":15}},"4":{"start":{"line":12,"column":16},"end":{"line":17,"column":17}},"5":{"start":{"line":13,"column":20},"end":{"line":13,"column":38}},"6":{"start":{"line":16,"column":20},"end":{"line":16,"column":70}},"7":{"start":{"line":21,"column":12},"end":{"line":21,"column":75}},"8":{"start":{"line":27,"column":8},"end":{"line":44,"column":9}},"9":{"start":{"line":28,"column":27},"end":{"line":28,"column":60}},"10":{"start":{"line":29,"column":33},"end":{"line":29,"column":41}},"11":{"start":{"line":31,"column":12},"end":{"line":40,"column":15}},"12":{"start":{"line":33,"column":16},"end":{"line":39,"column":17}},"13":{"start":{"line":34,"column":20},"end":{"line":34,"column":41}},"14":{"start":{"line":35,"column":34},"end":{"line":35,"column":50}},"15":{"start":{"line":36,"column":33},"end":{"line":36,"column":53}},"16":{"start":{"line":38,"column":20},"end":{"line":38,"column":90}},"17":{"start":{"line":43,"column":12},"end":{"line":43,"column":89}},"18":{"start":{"line":49,"column":8},"end":{"line":61,"column":9}},"19":{"start":{"line":50,"column":30},"end":{"line":50,"column":44}},"20":{"start":{"line":51,"column":12},"end":{"line":57,"column":15}},"21":{"start":{"line":53,"column":16},"end":{"line":56,"column":17}},"22":{"start":{"line":54,"column":20},"end":{"line":54,"column":72}},"23":{"start":{"line":55,"column":20},"end":{"line":55,"column":60}},"24":{"start":{"line":60,"column":12},"end":{"line":60,"column":92}},"25":{"start":{"line":67,"column":8},"end":{"line":79,"column":9}},"26":{"start":{"line":68,"column":27},"end":{"line":68,"column":60}},"27":{"start":{"line":70,"column":12},"end":{"line":75,"column":15}},"28":{"start":{"line":72,"column":16},"end":{"line":74,"column":17}},"29":{"start":{"line":73,"column":20},"end":{"line":73,"column":41}},"30":{"start":{"line":78,"column":12},"end":{"line":78,"column":75}},"31":{"start":{"line":85,"column":8},"end":{"line":92,"column":9}},"32":{"start":{"line":86,"column":27},"end":{"line":86,"column":60}},"33":{"start":{"line":87,"column":12},"end":{"line":87,"column":103}},"34":{"start":{"line":88,"column":12},"end":{"line":88,"column":58}},"35":{"start":{"line":91,"column":12},"end":{"line":91,"column":77}},"36":{"start":{"line":97,"column":8},"end":{"line":104,"column":9}},"37":{"start":{"line":98,"column":27},"end":{"line":98,"column":60}},"38":{"start":{"line":99,"column":12},"end":{"line":99,"column":81}},"39":{"start":{"line":100,"column":12},"end":{"line":100,"column":54}},"40":{"start":{"line":102,"column":12},"end":{"line":102,"column":65}},"41":{"start":{"line":103,"column":12},"end":{"line":103,"column":77}},"42":{"start":{"line":109,"column":8},"end":{"line":127,"column":9}},"43":{"start":{"line":110,"column":27},"end":{"line":110,"column":60}},"44":{"start":{"line":112,"column":12},"end":{"line":123,"column":15}},"45":{"start":{"line":117,"column":16},"end":{"line":122,"column":17}},"46":{"start":{"line":118,"column":20},"end":{"line":118,"column":38}},"47":{"start":{"line":121,"column":20},"end":{"line":121,"column":70}},"48":{"start":{"line":126,"column":12},"end":{"line":126,"column":75}},"49":{"start":{"line":132,"column":13},"end":{"line":132,"column":59}}},"fnMap":{"0":{"name":"(anonymous_8)","decl":{"start":{"line":7,"column":17},"end":{"line":7,"column":31}},"loc":{"start":{"line":7,"column":59},"end":{"line":23,"column":null}}},"1":{"name":"(anonymous_10)","decl":{"start":{"line":10,"column":48},"end":{"line":10,"column":49}},"loc":{"start":{"line":10,"column":67},"end":{"line":18,"column":13}}},"2":{"name":"(anonymous_11)","decl":{"start":{"line":26,"column":17},"end":{"line":26,"column":22}},"loc":{"start":{"line":26,"column":50},"end":{"line":45,"column":null}}},"3":{"name":"(anonymous_13)","decl":{"start":{"line":31,"column":101},"end":{"line":31,"column":102}},"loc":{"start":{"line":31,"column":120},"end":{"line":40,"column":13}}},"4":{"name":"(anonymous_14)","decl":{"start":{"line":48,"column":17},"end":{"line":48,"column":33}},"loc":{"start":{"line":48,"column":61},"end":{"line":62,"column":null}}},"5":{"name":"(anonymous_16)","decl":{"start":{"line":51,"column":74},"end":{"line":51,"column":75}},"loc":{"start":{"line":51,"column":93},"end":{"line":57,"column":13}}},"6":{"name":"(anonymous_17)","decl":{"start":{"line":66,"column":17},"end":{"line":66,"column":26}},"loc":{"start":{"line":66,"column":54},"end":{"line":81,"column":null}}},"7":{"name":"(anonymous_19)","decl":{"start":{"line":70,"column":72},"end":{"line":70,"column":73}},"loc":{"start":{"line":70,"column":91},"end":{"line":75,"column":13}}},"8":{"name":"(anonymous_20)","decl":{"start":{"line":84,"column":17},"end":{"line":84,"column":28}},"loc":{"start":{"line":84,"column":56},"end":{"line":93,"column":null}}},"9":{"name":"(anonymous_22)","decl":{"start":{"line":96,"column":17},"end":{"line":96,"column":31}},"loc":{"start":{"line":96,"column":58},"end":{"line":105,"column":null}}},"10":{"name":"(anonymous_24)","decl":{"start":{"line":108,"column":17},"end":{"line":108,"column":26}},"loc":{"start":{"line":108,"column":54},"end":{"line":128,"column":null}}},"11":{"name":"(anonymous_26)","decl":{"start":{"line":115,"column":12},"end":{"line":115,"column":13}},"loc":{"start":{"line":115,"column":31},"end":{"line":123,"column":13}}}},"branchMap":{"0":{"loc":{"start":{"line":12,"column":16},"end":{"line":17,"column":17}},"type":"if","locations":[{"start":{"line":12,"column":16},"end":{"line":17,"column":17}},{"start":{"line":15,"column":23},"end":{"line":17,"column":17}}]},"1":{"loc":{"start":{"line":12,"column":20},"end":{"line":12,"column":49}},"type":"binary-expr","locations":[{"start":{"line":12,"column":20},"end":{"line":12,"column":27}},{"start":{"line":12,"column":31},"end":{"line":12,"column":49}}]},"2":{"loc":{"start":{"line":33,"column":16},"end":{"line":39,"column":17}},"type":"if","locations":[{"start":{"line":33,"column":16},"end":{"line":39,"column":17}},{"start":{"line":37,"column":23},"end":{"line":39,"column":17}}]},"3":{"loc":{"start":{"line":33,"column":20},"end":{"line":33,"column":49}},"type":"binary-expr","locations":[{"start":{"line":33,"column":20},"end":{"line":33,"column":27}},{"start":{"line":33,"column":31},"end":{"line":33,"column":49}}]},"4":{"loc":{"start":{"line":53,"column":16},"end":{"line":56,"column":17}},"type":"if","locations":[{"start":{"line":53,"column":16},"end":{"line":56,"column":17}}]},"5":{"loc":{"start":{"line":72,"column":16},"end":{"line":74,"column":17}},"type":"if","locations":[{"start":{"line":72,"column":16},"end":{"line":74,"column":17}}]},"6":{"loc":{"start":{"line":117,"column":16},"end":{"line":122,"column":17}},"type":"if","locations":[{"start":{"line":117,"column":16},"end":{"line":122,"column":17}},{"start":{"line":120,"column":23},"end":{"line":122,"column":17}}]},"7":{"loc":{"start":{"line":117,"column":20},"end":{"line":117,"column":49}},"type":"binary-expr","locations":[{"start":{"line":117,"column":20},"end":{"line":117,"column":27}},{"start":{"line":117,"column":31},"end":{"line":117,"column":49}}]}},"s":{"0":1,"1":1,"2":1,"3":1,"4":1,"5":1,"6":0,"7":0,"8":1,"9":1,"10":1,"11":1,"12":1,"13":1,"14":1,"15":1,"16":0,"17":0,"18":1,"19":1,"20":1,"21":1,"22":1,"23":1,"24":0,"25":1,"26":1,"27":1,"28":1,"29":1,"30":0,"31":1,"32":1,"33":1,"34":1,"35":0,"36":1,"37":1,"38":1,"39":1,"40":0,"41":0,"42":1,"43":1,"44":1,"45":1,"46":1,"47":0,"48":0,"49":1},"f":{"0":1,"1":1,"2":1,"3":1,"4":1,"5":1,"6":1,"7":1,"8":1,"9":1,"10":1,"11":1},"b":{"0":[1,0],"1":[1,1],"2":[1,0],"3":[1,1],"4":[1],"5":[1],"6":[1,0],"7":[1,1]}}
,"C:\\Users\\Admin\\Documents\\U\\uOctavo semestre\\Vacas\\AyD\\Lab\\Proyecto 1\\AYD1_P1_G8\\Backend\\src\\routes\\indexRoutes.ts": {"path":"C:\\Users\\Admin\\Documents\\U\\uOctavo semestre\\Vacas\\AyD\\Lab\\Proyecto 1\\AYD1_P1_G8\\Backend\\src\\routes\\indexRoutes.ts","statementMap":{"0":{"start":{"line":1,"column":0},"end":{"line":1,"column":31}},"1":{"start":{"line":3,"column":0},"end":{"line":3,"column":63}},"2":{"start":{"line":6,"column":11},"end":{"line":6,"column":37}},"3":{"start":{"line":9,"column":8},"end":{"line":9,"column":22}},"4":{"start":{"line":13,"column":8},"end":{"line":13,"column":null}},"5":{"start":{"line":18,"column":20},"end":{"line":18,"column":37}},"6":{"start":{"line":19,"column":0},"end":{"line":19,"column":34}}},"fnMap":{"0":{"name":"(anonymous_0)","decl":{"start":{"line":8,"column":4},"end":{"line":8,"column":null}},"loc":{"start":{"line":8,"column":4},"end":{"line":10,"column":5}}},"1":{"name":"(anonymous_1)","decl":{"start":{"line":12,"column":4},"end":{"line":12,"column":10}},"loc":{"start":{"line":12,"column":10},"end":{"line":14,"column":5}}}},"branchMap":{},"s":{"0":1,"1":1,"2":1,"3":1,"4":1,"5":1,"6":1},"f":{"0":1,"1":1},"b":{}}
,"C:\\Users\\Admin\\Documents\\U\\uOctavo semestre\\Vacas\\AyD\\Lab\\Proyecto 1\\AYD1_P1_G8\\Backend\\src\\routes\\libroRoutes.ts": {"path":"C:\\Users\\Admin\\Documents\\U\\uOctavo semestre\\Vacas\\AyD\\Lab\\Proyecto 1\\AYD1_P1_G8\\Backend\\src\\routes\\libroRoutes.ts","statementMap":{"0":{"start":{"line":1,"column":0},"end":{"line":1,"column":31}},"1":{"start":{"line":3,"column":0},"end":{"line":3,"column":63}},"2":{"start":{"line":6,"column":11},"end":{"line":6,"column":37}},"3":{"start":{"line":9,"column":8},"end":{"line":9,"column":22}},"4":{"start":{"line":13,"column":8},"end":{"line":13,"column":58}},"5":{"start":{"line":14,"column":8},"end":{"line":14,"column":59}},"6":{"start":{"line":15,"column":8},"end":{"line":15,"column":76}},"7":{"start":{"line":16,"column":8},"end":{"line":16,"column":83}},"8":{"start":{"line":17,"column":8},"end":{"line":17,"column":81}},"9":{"start":{"line":18,"column":8},"end":{"line":18,"column":80}},"10":{"start":{"line":19,"column":8},"end":{"line":19,"column":82}},"11":{"start":{"line":20,"column":8},"end":{"line":20,"column":84}},"12":{"start":{"line":21,"column":8},"end":{"line":21,"column":83}},"13":{"start":{"line":22,"column":8},"end":{"line":22,"column":100}},"14":{"start":{"line":23,"column":8},"end":{"line":23,"column":100}},"15":{"start":{"line":27,"column":20},"end":{"line":27,"column":37}},"16":{"start":{"line":28,"column":0},"end":{"line":28,"column":34}}},"fnMap":{"0":{"name":"(anonymous_0)","decl":{"start":{"line":8,"column":4},"end":{"line":8,"column":null}},"loc":{"start":{"line":8,"column":4},"end":{"line":10,"column":5}}},"1":{"name":"(anonymous_1)","decl":{"start":{"line":12,"column":4},"end":{"line":12,"column":10}},"loc":{"start":{"line":12,"column":10},"end":{"line":25,"column":5}}}},"branchMap":{},"s":{"0":1,"1":1,"2":1,"3":1,"4":1,"5":1,"6":1,"7":1,"8":1,"9":1,"10":1,"11":1,"12":1,"13":1,"14":1,"15":1,"16":1},"f":{"0":1,"1":1},"b":{}}
,"C:\\Users\\Admin\\Documents\\U\\uOctavo semestre\\Vacas\\AyD\\Lab\\Proyecto 1\\AYD1_P1_G8\\Backend\\src\\routes\\pingRoutes.ts": {"path":"C:\\Users\\Admin\\Documents\\U\\uOctavo semestre\\Vacas\\AyD\\Lab\\Proyecto 1\\AYD1_P1_G8\\Backend\\src\\routes\\pingRoutes.ts","statementMap":{"0":{"start":{"line":1,"column":0},"end":{"line":1,"column":31}},"1":{"start":{"line":3,"column":0},"end":{"line":3,"column":61}},"2":{"start":{"line":6,"column":11},"end":{"line":6,"column":37}},"3":{"start":{"line":9,"column":8},"end":{"line":9,"column":22}},"4":{"start":{"line":13,"column":8},"end":{"line":13,"column":null}},"5":{"start":{"line":18,"column":19},"end":{"line":18,"column":35}},"6":{"start":{"line":19,"column":0},"end":{"line":19,"column":33}}},"fnMap":{"0":{"name":"(anonymous_0)","decl":{"start":{"line":8,"column":4},"end":{"line":8,"column":null}},"loc":{"start":{"line":8,"column":4},"end":{"line":10,"column":5}}},"1":{"name":"(anonymous_1)","decl":{"start":{"line":12,"column":4},"end":{"line":12,"column":10}},"loc":{"start":{"line":12,"column":10},"end":{"line":14,"column":5}}}},"branchMap":{},"s":{"0":1,"1":1,"2":1,"3":1,"4":1,"5":1,"6":1},"f":{"0":1,"1":1},"b":{}}
,"C:\\Users\\Admin\\Documents\\U\\uOctavo semestre\\Vacas\\AyD\\Lab\\Proyecto 1\\AYD1_P1_G8\\Backend\\src\\routes\\usuariosRoutes.ts": {"path":"C:\\Users\\Admin\\Documents\\U\\uOctavo semestre\\Vacas\\AyD\\Lab\\Proyecto 1\\AYD1_P1_G8\\Backend\\src\\routes\\usuariosRoutes.ts","statementMap":{"0":{"start":{"line":1,"column":0},"end":{"line":1,"column":31}},"1":{"start":{"line":3,"column":0},"end":{"line":3,"column":69}},"2":{"start":{"line":6,"column":11},"end":{"line":6,"column":37}},"3":{"start":{"line":9,"column":8},"end":{"line":9,"column":22}},"4":{"start":{"line":13,"column":8},"end":{"line":13,"column":64}},"5":{"start":{"line":14,"column":8},"end":{"line":14,"column":75}},"6":{"start":{"line":15,"column":8},"end":{"line":15,"column":75}},"7":{"start":{"line":16,"column":8},"end":{"line":16,"column":67}},"8":{"start":{"line":17,"column":8},"end":{"line":17,"column":78}},"9":{"start":{"line":18,"column":8},"end":{"line":18,"column":84}},"10":{"start":{"line":19,"column":8},"end":{"line":19,"column":74}},"11":{"start":{"line":23,"column":23},"end":{"line":23,"column":43}},"12":{"start":{"line":24,"column":0},"end":{"line":24,"column":37}}},"fnMap":{"0":{"name":"(anonymous_0)","decl":{"start":{"line":8,"column":4},"end":{"line":8,"column":null}},"loc":{"start":{"line":8,"column":4},"end":{"line":10,"column":5}}},"1":{"name":"(anonymous_1)","decl":{"start":{"line":12,"column":4},"end":{"line":12,"column":10}},"loc":{"start":{"line":12,"column":10},"end":{"line":21,"column":5}}}},"branchMap":{},"s":{"0":1,"1":1,"2":1,"3":1,"4":1,"5":1,"6":1,"7":1,"8":1,"9":1,"10":1,"11":1,"12":1},"f":{"0":1,"1":1},"b":{}}
}
