TN:
SF:src\database.ts
FN:8,(anonymous_1)
FNF:1
FNH:1
FNDA:1,(anonymous_1)
DA:1,1
DA:2,1
DA:5,1
DA:8,1
DA:9,1
DA:10,0
DA:11,0
DA:13,1
DA:16,1
LF:9
LH:7
BRDA:9,0,0,0
BRF:1
BRH:0
end_of_record
TN:
SF:src\index.ts
FN:17,(anonymous_1)
FN:23,(anonymous_2)
FN:31,(anonymous_3)
FN:39,(anonymous_4)
FN:40,(anonymous_5)
FNF:5
FNH:5
FNDA:1,(anonymous_1)
FNDA:1,(anonymous_2)
FNDA:1,(anonymous_3)
FNDA:1,(anonymous_4)
FNDA:1,(anonymous_5)
DA:1,1
DA:2,1
DA:3,1
DA:6,1
DA:7,1
DA:9,1
DA:10,1
DA:18,1
DA:19,1
DA:20,1
DA:24,1
DA:25,1
DA:26,1
DA:27,1
DA:28,1
DA:32,1
DA:33,1
DA:34,1
DA:35,1
DA:40,1
DA:41,1
DA:47,1
DA:48,1
DA:49,1
LF:24
LH:24
BRDA:24,0,0,1
BRDA:24,0,1,1
BRF:2
BRH:2
end_of_record
TN:
SF:src\keys.ts
FNF:0
FNH:0
DA:1,1
LF:1
LH:1
BRF:0
BRH:0
end_of_record
TN:
SF:src\utilidades.ts
FN:1,corregirFormato
FNF:1
FNH:1
FNDA:22,corregirFormato
DA:1,1
DA:2,22
LF:2
LH:2
BRF:0
BRH:0
end_of_record
TN:
SF:src\controllers\indexController.ts
FN:6,(anonymous_0)
FNF:1
FNH:0
FNDA:0,(anonymous_0)
DA:7,0
DA:11,1
LF:2
LH:1
BRF:0
BRH:0
end_of_record
TN:
SF:src\controllers\libroController.ts
FN:8,(anonymous_8)
FN:11,(anonymous_10)
FN:27,(anonymous_11)
FN:31,(anonymous_13)
FN:47,(anonymous_14)
FN:50,(anonymous_16)
FN:64,(anonymous_17)
FN:68,(anonymous_19)
FN:82,(anonymous_20)
FN:87,(anonymous_22)
FN:101,(anonymous_23)
FN:109,(anonymous_25)
FN:133,(anonymous_26)
FN:140,(anonymous_28)
FN:162,(anonymous_29)
FN:169,(anonymous_31)
FN:191,(anonymous_32)
FN:197,(anonymous_34)
FN:215,(anonymous_35)
FN:222,(anonymous_37)
FN:229,(anonymous_38)
FN:248,(anonymous_39)
FN:266,(anonymous_40)
FNF:23
FNH:23
FNDA:1,(anonymous_8)
FNDA:1,(anonymous_10)
FNDA:1,(anonymous_11)
FNDA:1,(anonymous_13)
FNDA:1,(anonymous_14)
FNDA:1,(anonymous_16)
FNDA:1,(anonymous_17)
FNDA:1,(anonymous_19)
FNDA:1,(anonymous_20)
FNDA:1,(anonymous_22)
FNDA:1,(anonymous_23)
FNDA:1,(anonymous_25)
FNDA:1,(anonymous_26)
FNDA:1,(anonymous_28)
FNDA:1,(anonymous_29)
FNDA:1,(anonymous_31)
FNDA:1,(anonymous_32)
FNDA:1,(anonymous_34)
FNDA:1,(anonymous_35)
FNDA:1,(anonymous_37)
FNDA:1,(anonymous_38)
FNDA:1,(anonymous_39)
FNDA:1,(anonymous_40)
DA:2,1
DA:3,1
DA:9,1
DA:11,1
DA:13,1
DA:14,1
DA:17,0
DA:22,0
DA:28,1
DA:29,1
DA:31,1
DA:33,1
DA:34,1
DA:36,0
DA:42,0
DA:48,1
DA:49,1
DA:50,1
DA:52,1
DA:53,1
DA:54,1
DA:59,0
DA:65,1
DA:66,1
DA:67,1
DA:68,1
DA:70,1
DA:71,1
DA:72,1
DA:77,0
DA:83,1
DA:84,1
DA:85,1
DA:86,1
DA:87,1
DA:89,1
DA:90,1
DA:91,1
DA:96,0
DA:102,1
DA:103,1
DA:104,1
DA:105,1
DA:108,1
DA:111,1
DA:112,1
DA:113,1
DA:115,0
DA:116,0
DA:120,1
DA:122,1
DA:124,1
DA:125,1
DA:128,0
DA:134,1
DA:135,1
DA:136,1
DA:139,1
DA:142,1
DA:143,1
DA:144,1
DA:146,0
DA:147,0
DA:151,1
DA:153,1
DA:154,1
DA:157,0
DA:163,1
DA:164,1
DA:165,1
DA:168,1
DA:171,1
DA:172,1
DA:173,1
DA:175,0
DA:176,0
DA:180,1
DA:182,1
DA:183,1
DA:186,0
DA:192,1
DA:193,1
DA:195,1
DA:199,1
DA:200,1
DA:203,0
DA:210,0
DA:216,1
DA:217,1
DA:218,1
DA:219,1
DA:221,1
DA:224,1
DA:225,1
DA:226,1
DA:228,1
DA:230,1
DA:231,0
DA:232,0
DA:234,1
DA:238,0
DA:243,0
DA:249,1
DA:250,1
DA:251,1
DA:252,1
DA:254,1
DA:267,1
DA:269,0
DA:271,1
DA:277,0
DA:285,1
LF:112
LH:88
BRDA:13,0,0,1
BRDA:13,0,1,0
BRDA:13,1,0,1
BRDA:13,1,1,1
BRDA:33,2,0,1
BRDA:33,2,1,0
BRDA:33,3,0,1
BRDA:33,3,1,1
BRDA:52,4,0,1
BRDA:70,5,0,1
BRDA:89,6,0,1
BRDA:111,7,0,1
BRDA:111,7,1,0
BRDA:142,8,0,1
BRDA:142,8,1,0
BRDA:171,9,0,1
BRDA:171,9,1,0
BRDA:199,10,0,1
BRDA:199,10,1,0
BRDA:199,11,0,1
BRDA:199,11,1,1
BRDA:224,12,0,1
BRDA:224,12,1,0
BRDA:230,13,0,0
BRDA:230,13,1,1
BRDA:267,14,0,0
BRDA:267,14,1,1
BRF:27
BRH:18
end_of_record
TN:
SF:src\controllers\pingController.ts
FN:6,(anonymous_0)
FNF:1
FNH:0
FNDA:0,(anonymous_0)
DA:7,0
DA:11,1
LF:2
LH:1
BRF:0
BRH:0
end_of_record
TN:
SF:src\controllers\usuariosController.ts
FN:7,(anonymous_8)
FN:10,(anonymous_10)
FN:26,(anonymous_11)
FN:31,(anonymous_13)
FN:48,(anonymous_14)
FN:51,(anonymous_16)
FN:66,(anonymous_17)
FN:70,(anonymous_19)
FN:84,(anonymous_20)
FN:96,(anonymous_22)
FN:108,(anonymous_24)
FN:115,(anonymous_26)
FNF:12
FNH:12
FNDA:1,(anonymous_8)
FNDA:1,(anonymous_10)
FNDA:1,(anonymous_11)
FNDA:1,(anonymous_13)
FNDA:1,(anonymous_14)
FNDA:1,(anonymous_16)
FNDA:1,(anonymous_17)
FNDA:1,(anonymous_19)
FNDA:1,(anonymous_20)
FNDA:1,(anonymous_22)
FNDA:1,(anonymous_24)
FNDA:1,(anonymous_26)
DA:2,1
DA:3,1
DA:8,1
DA:10,1
DA:12,1
DA:13,1
DA:16,0
DA:21,0
DA:27,1
DA:28,1
DA:29,1
DA:31,1
DA:33,1
DA:34,1
DA:35,1
DA:36,1
DA:38,0
DA:43,0
DA:49,1
DA:50,1
DA:51,1
DA:53,1
DA:54,1
DA:55,1
DA:60,0
DA:67,1
DA:68,1
DA:70,1
DA:72,1
DA:73,1
DA:78,0
DA:85,1
DA:86,1
DA:87,1
DA:88,1
DA:91,0
DA:97,1
DA:98,1
DA:99,1
DA:100,1
DA:102,0
DA:103,0
DA:109,1
DA:110,1
DA:112,1
DA:117,1
DA:118,1
DA:121,0
DA:126,0
DA:132,1
LF:50
LH:39
BRDA:12,0,0,1
BRDA:12,0,1,0
BRDA:12,1,0,1
BRDA:12,1,1,1
BRDA:33,2,0,1
BRDA:33,2,1,0
BRDA:33,3,0,1
BRDA:33,3,1,1
BRDA:53,4,0,1
BRDA:72,5,0,1
BRDA:117,6,0,1
BRDA:117,6,1,0
BRDA:117,7,0,1
BRDA:117,7,1,1
BRF:14
BRH:11
end_of_record
TN:
SF:src\routes\indexRoutes.ts
FN:8,(anonymous_0)
FN:12,(anonymous_1)
FNF:2
FNH:2
FNDA:1,(anonymous_0)
FNDA:1,(anonymous_1)
DA:1,1
DA:3,1
DA:6,1
DA:9,1
DA:13,1
DA:18,1
DA:19,1
LF:7
LH:7
BRF:0
BRH:0
end_of_record
TN:
SF:src\routes\libroRoutes.ts
FN:8,(anonymous_0)
FN:12,(anonymous_1)
FNF:2
FNH:2
FNDA:1,(anonymous_0)
FNDA:1,(anonymous_1)
DA:1,1
DA:3,1
DA:6,1
DA:9,1
DA:13,1
DA:14,1
DA:15,1
DA:16,1
DA:17,1
DA:18,1
DA:19,1
DA:20,1
DA:21,1
DA:22,1
DA:23,1
DA:27,1
DA:28,1
LF:17
LH:17
BRF:0
BRH:0
end_of_record
TN:
SF:src\routes\pingRoutes.ts
FN:8,(anonymous_0)
FN:12,(anonymous_1)
FNF:2
FNH:2
FNDA:1,(anonymous_0)
FNDA:1,(anonymous_1)
DA:1,1
DA:3,1
DA:6,1
DA:9,1
DA:13,1
DA:18,1
DA:19,1
LF:7
LH:7
BRF:0
BRH:0
end_of_record
TN:
SF:src\routes\usuariosRoutes.ts
FN:8,(anonymous_0)
FN:12,(anonymous_1)
FNF:2
FNH:2
FNDA:1,(anonymous_0)
FNDA:1,(anonymous_1)
DA:1,1
DA:3,1
DA:6,1
DA:9,1
DA:13,1
DA:14,1
DA:15,1
DA:16,1
DA:17,1
DA:18,1
DA:19,1
DA:23,1
DA:24,1
LF:13
LH:13
BRF:0
BRH:0
end_of_record
